<?xml version='1.0'?>
<ns2:test-suite xmlns:ns2='urn:model.allure.qatools.yandex.ru' start='1675964478513' stop='1675964490181'>
    <name>Home page feature test</name>
    <title>Home page feature test</title>
    <test-cases>
        <test-case start='1675964478514' status='broken' stop='1675964490073'>
            <name>verify home page title</name>
            <title>verify home page title</title>
            <labels>
                <label name='language' value='javascript'/>
                <label name='framework' value='wdio'/>
                <label name='thread' value='0-0'/>
            </labels>
            <parameters>
                <parameter kind='argument' name='browser' value='chrome-110.0.5481.78'/>
            </parameters>
            <steps>
                <step start='1675964478519' status='passed' stop='1675964487053'>
                    <name>POST /session/:sessionId/url</name>
                    <title>POST /session/:sessionId/url</title>
                    <attachments>
                        <attachment title='Request' source='5e2568a7-25d1-48ca-a959-fa814b3674db-attachment.json' type='application/json' size='36'/>
                    </attachments>
                    <steps/>
                </step>
                <step start='1675964487054' status='passed' stop='1675964490069'>
                    <name>POST /session/:sessionId/window/maximize</name>
                    <title>POST /session/:sessionId/window/maximize</title>
                    <attachments>
                        <attachment title='Response' source='f433f67d-a682-44cb-a2a9-80aa1dbbd580-attachment.json' type='application/json' size='58'/>
                    </attachments>
                    <steps/>
                </step>
                <step start='1675964490070' status='broken' stop='1675964490072'>
                    <name>GET /session/:sessionId/screenshot</name>
                    <title>GET /session/:sessionId/screenshot</title>
                    <attachments/>
                    <steps/>
                </step>
            </steps>
            <attachments/>
            <failure>
                <message>browser.title is not a function</message>
                <stack-trace>TypeError: browser.title is not a function
                    at Context.&lt;anonymous> (C:\Users\DELL\IIProject\test\home.test.js:15:27)
                    at process.processTicksAndRejections (node:internal/process/task_queues:95:5)</stack-trace>
            </failure>
        </test-case>
        <test-case start='1675964490078' status='passed' stop='1675964490090'>
            <name>verify Servies header</name>
            <title>verify Servies header</title>
            <labels>
                <label name='language' value='javascript'/>
                <label name='framework' value='wdio'/>
                <label name='thread' value='0-0'/>
            </labels>
            <parameters>
                <parameter kind='argument' name='browser' value='chrome-110.0.5481.78'/>
            </parameters>
            <steps>
                <step start='1675964490086' status='undefined'>
                    <name>POST /session/:sessionId/element</name>
                    <title>POST /session/:sessionId/element</title>
                    <attachments>
                        <attachment title='Request' source='3dfd6042-fa67-44c0-b106-30d32f5e2520-attachment.json' type='application/json' size='59'/>
                    </attachments>
                    <steps/>
                </step>
            </steps>
            <attachments/>
        </test-case>
        <test-case start='1675964490096' status='failed' stop='1675964490137'>
            <name>verify click on Trading Account link and verify the new url</name>
            <title>verify click on Trading Account link and verify the new url</title>
            <labels>
                <label name='language' value='javascript'/>
                <label name='framework' value='wdio'/>
                <label name='thread' value='0-0'/>
            </labels>
            <parameters>
                <parameter kind='argument' name='browser' value='chrome-110.0.5481.78'/>
            </parameters>
            <steps>
                <step start='1675964490117' status='failed' stop='1675964490137'>
                    <name>GET /session/:sessionId/screenshot</name>
                    <title>GET /session/:sessionId/screenshot</title>
                    <attachments/>
                    <steps>
                        <step start='1675964490127' status='failed' stop='1675964490137'>
                            <name>POST /session/:sessionId/element</name>
                            <title>POST /session/:sessionId/element</title>
                            <attachments>
                                <attachment title='Request' source='4133b874-ec95-45a8-9fa2-bac77586d251-attachment.json' type='application/json' size='94'/>
                            </attachments>
                            <steps/>
                        </step>
                    </steps>
                </step>
            </steps>
            <attachments/>
            <failure>
                <message>expectChai is not defined</message>
                <stack-trace>ReferenceError: expectChai is not defined
                    at Context.&lt;anonymous> (C:\Users\DELL\IIProject\test\home.test.js:36:10)</stack-trace>
            </failure>
        </test-case>
        <test-case start='1675964490151' status='passed' stop='1675964490152'>
            <name>verify Pensions header</name>
            <title>verify Pensions header</title>
            <labels>
                <label name='language' value='javascript'/>
                <label name='framework' value='wdio'/>
                <label name='thread' value='0-0'/>
            </labels>
            <parameters>
                <parameter kind='argument' name='browser' value='chrome-110.0.5481.78'/>
            </parameters>
            <steps/>
            <attachments/>
        </test-case>
        <test-case start='1675964490152' status='failed' stop='1675964490155'>
            <name>verify click on SIPP drawdown link and verify the new url</name>
            <title>verify click on SIPP drawdown link and verify the new url</title>
            <labels>
                <label name='language' value='javascript'/>
                <label name='framework' value='wdio'/>
                <label name='thread' value='0-0'/>
            </labels>
            <parameters>
                <parameter kind='argument' name='browser' value='chrome-110.0.5481.78'/>
            </parameters>
            <steps>
                <step start='1675964490154' status='failed' stop='1675964490155'>
                    <name>GET /session/:sessionId/screenshot</name>
                    <title>GET /session/:sessionId/screenshot</title>
                    <attachments/>
                    <steps/>
                </step>
            </steps>
            <attachments/>
            <failure>
                <message>expectChai is not defined</message>
                <stack-trace>ReferenceError: expectChai is not defined
                    at Context.&lt;anonymous> (C:\Users\DELL\IIProject\test\home.test.js:49:9)</stack-trace>
            </failure>
        </test-case>
        <test-case start='1675964490166' status='passed' stop='1675964490167'>
            <name>verify click on Investments header and verify text</name>
            <title>verify click on Investments header and verify text</title>
            <labels>
                <label name='language' value='javascript'/>
                <label name='framework' value='wdio'/>
                <label name='thread' value='0-0'/>
            </labels>
            <parameters>
                <parameter kind='argument' name='browser' value='chrome-110.0.5481.78'/>
            </parameters>
            <steps/>
            <attachments/>
        </test-case>
        <test-case start='1675964490167' status='failed' stop='1675964490171'>
            <name>verify click on FTSE250 link and verify the new url</name>
            <title>verify click on FTSE250 link and verify the new url</title>
            <labels>
                <label name='language' value='javascript'/>
                <label name='framework' value='wdio'/>
                <label name='thread' value='0-0'/>
            </labels>
            <parameters>
                <parameter kind='argument' name='browser' value='chrome-110.0.5481.78'/>
            </parameters>
            <steps>
                <step start='1675964490169' status='failed' stop='1675964490171'>
                    <name>GET /session/:sessionId/screenshot</name>
                    <title>GET /session/:sessionId/screenshot</title>
                    <attachments/>
                    <steps/>
                </step>
            </steps>
            <attachments/>
            <failure>
                <message>expectChai is not defined</message>
                <stack-trace>ReferenceError: expectChai is not defined
                    at Context.&lt;anonymous> (C:\Users\DELL\IIProject\test\home.test.js:63:5)</stack-trace>
            </failure>
        </test-case>
    </test-cases>
</ns2:test-suite>