<?xml version='1.0'?>
<ns2:test-suite xmlns:ns2='urn:model.allure.qatools.yandex.ru' start='1675968441913' stop='1675968452032'>
    <name>Home page feature test</name>
    <title>Home page feature test</title>
    <test-cases>
        <test-case start='1675968441914' status='passed' stop='1675968451651'>
            <name>verify home page title</name>
            <title>verify home page title</title>
            <labels>
                <label name='language' value='javascript'/>
                <label name='framework' value='wdio'/>
                <label name='thread' value='0-0'/>
            </labels>
            <parameters>
                <parameter kind='argument' name='browser' value='chrome-110.0.5481.78'/>
            </parameters>
            <steps>
                <step start='1675968441918' status='passed' stop='1675968447735'>
                    <name>POST /session/:sessionId/url</name>
                    <title>POST /session/:sessionId/url</title>
                    <attachments>
                        <attachment title='Request' source='65d7704d-3db4-4434-820c-19f44138e974-attachment.json' type='application/json' size='36'/>
                    </attachments>
                    <steps/>
                </step>
                <step start='1675968447735' status='passed' stop='1675968451641'>
                    <name>POST /session/:sessionId/window/maximize</name>
                    <title>POST /session/:sessionId/window/maximize</title>
                    <attachments>
                        <attachment title='Response' source='580db96d-7d15-4b47-9b2c-2e59c773c0d8-attachment.json' type='application/json' size='58'/>
                    </attachments>
                    <steps/>
                </step>
                <step start='1675968451647' status='undefined'>
                    <name>POST /session/:sessionId/element</name>
                    <title>POST /session/:sessionId/element</title>
                    <attachments>
                        <attachment title='Request' source='a580fbde-a29b-4d79-b7dc-3fc41570ca62-attachment.json' type='application/json' size='60'/>
                    </attachments>
                    <steps>
                        <step start='1675968451649' status='undefined'>
                            <name>GET /session/:sessionId/title</name>
                            <title>GET /session/:sessionId/title</title>
                            <attachments/>
                            <steps/>
                        </step>
                    </steps>
                </step>
            </steps>
            <attachments/>
        </test-case>
        <test-case start='1675968451670' status='passed' stop='1675968451686'>
            <name>verify Servies header</name>
            <title>verify Servies header</title>
            <labels>
                <label name='language' value='javascript'/>
                <label name='framework' value='wdio'/>
                <label name='thread' value='0-0'/>
            </labels>
            <parameters>
                <parameter kind='argument' name='browser' value='chrome-110.0.5481.78'/>
            </parameters>
            <steps>
                <step start='1675968451673' status='undefined'>
                    <name>POST /session/:sessionId/element</name>
                    <title>POST /session/:sessionId/element</title>
                    <attachments>
                        <attachment title='Request' source='a771daaf-8c9e-4a4e-aa5a-ae02bc1efbda-attachment.json' type='application/json' size='59'/>
                    </attachments>
                    <steps/>
                </step>
            </steps>
            <attachments/>
        </test-case>
        <test-case start='1675968451698' status='passed' stop='1675968451702'>
            <name>verify click on Trading Account link and verify the new url</name>
            <title>verify click on Trading Account link and verify the new url</title>
            <labels>
                <label name='language' value='javascript'/>
                <label name='framework' value='wdio'/>
                <label name='thread' value='0-0'/>
            </labels>
            <parameters>
                <parameter kind='argument' name='browser' value='chrome-110.0.5481.78'/>
            </parameters>
            <steps>
                <step start='1675968451700' status='undefined'>
                    <name>GET /session/:sessionId/url</name>
                    <title>GET /session/:sessionId/url</title>
                    <attachments/>
                    <steps/>
                </step>
            </steps>
            <attachments/>
        </test-case>
        <test-case start='1675968451799' status='passed' stop='1675968451800'>
            <name>verify Pensions header</name>
            <title>verify Pensions header</title>
            <labels>
                <label name='language' value='javascript'/>
                <label name='framework' value='wdio'/>
                <label name='thread' value='0-0'/>
            </labels>
            <parameters>
                <parameter kind='argument' name='browser' value='chrome-110.0.5481.78'/>
            </parameters>
            <steps/>
            <attachments/>
        </test-case>
        <test-case start='1675968451800' status='broken' stop='1675968451860'>
            <name>verify click on SIPP drawdown link and verify the new url</name>
            <title>verify click on SIPP drawdown link and verify the new url</title>
            <labels>
                <label name='language' value='javascript'/>
                <label name='framework' value='wdio'/>
                <label name='thread' value='0-0'/>
            </labels>
            <parameters>
                <parameter kind='argument' name='browser' value='chrome-110.0.5481.78'/>
            </parameters>
            <steps>
                <step start='1675968451801' status='broken' stop='1675968451856'>
                    <name>GET /session/:sessionId/screenshot</name>
                    <title>GET /session/:sessionId/screenshot</title>
                    <attachments/>
                    <steps>
                        <step start='1675968451803' status='broken' stop='1675968451856'>
                            <name>POST /session/:sessionId/element</name>
                            <title>POST /session/:sessionId/element</title>
                            <attachments>
                                <attachment title='Request' source='a1ba8152-c32e-41a9-8b36-a51cde544643-attachment.json' type='application/json' size='119'/>
                            </attachments>
                            <steps/>
                        </step>
                    </steps>
                </step>
            </steps>
            <attachments/>
            <failure>
                <message>homePage.VerifySIPPdrawdownLink is not a function</message>
                <stack-trace>TypeError: homePage.VerifySIPPdrawdownLink is not a function
                    at Context.&lt;anonymous> (C:\Users\DELL\IIProject\test\home.test.js:43:18)</stack-trace>
            </failure>
        </test-case>
        <test-case start='1675968451908' status='passed' stop='1675968451913'>
            <name>verify click on Investments header and verify text</name>
            <title>verify click on Investments header and verify text</title>
            <labels>
                <label name='language' value='javascript'/>
                <label name='framework' value='wdio'/>
                <label name='thread' value='0-0'/>
            </labels>
            <parameters>
                <parameter kind='argument' name='browser' value='chrome-110.0.5481.78'/>
            </parameters>
            <steps/>
            <attachments/>
        </test-case>
        <test-case start='1675968451914' status='passed' stop='1675968451920'>
            <name>verify click on FTSE250 link and verify the new url</name>
            <title>verify click on FTSE250 link and verify the new url</title>
            <labels>
                <label name='language' value='javascript'/>
                <label name='framework' value='wdio'/>
                <label name='thread' value='0-0'/>
            </labels>
            <parameters>
                <parameter kind='argument' name='browser' value='chrome-110.0.5481.78'/>
            </parameters>
            <steps>
                <step start='1675968451917' status='undefined'>
                    <name>GET /session/:sessionId/url</name>
                    <title>GET /session/:sessionId/url</title>
                    <attachments/>
                    <steps/>
                </step>
            </steps>
            <attachments/>
        </test-case>
        <test-case start='1675968451962' status='broken' stop='1675968451969'>
            <name>verify click on Help &amp; learning header and verify text</name>
            <title>verify click on Help &amp; learning header and verify text</title>
            <labels>
                <label name='language' value='javascript'/>
                <label name='framework' value='wdio'/>
                <label name='thread' value='0-0'/>
            </labels>
            <parameters>
                <parameter kind='argument' name='browser' value='chrome-110.0.5481.78'/>
            </parameters>
            <steps>
                <step start='1675968451964' status='broken' stop='1675968451969'>
                    <name>GET /session/:sessionId/screenshot</name>
                    <title>GET /session/:sessionId/screenshot</title>
                    <attachments/>
                    <steps/>
                </step>
            </steps>
            <attachments/>
            <failure>
                <message>headerHelplearning is not defined</message>
                <stack-trace>ReferenceError: headerHelplearning is not defined
                    at HomePage.verifyHelplearningHeaderText (C:\Users\DELL\IIProject\pages\home.page.js:118:13)
                    at Context.&lt;anonymous> (C:\Users\DELL\IIProject\test\home.test.js:63:12)</stack-trace>
            </failure>
        </test-case>
        <test-case start='1675968451979' status='broken' stop='1675968452005'>
            <name>verify click on Knowledge Centre link and verify the new url</name>
            <title>verify click on Knowledge Centre link and verify the new url</title>
            <labels>
                <label name='language' value='javascript'/>
                <label name='framework' value='wdio'/>
                <label name='thread' value='0-0'/>
            </labels>
            <parameters>
                <parameter kind='argument' name='browser' value='chrome-110.0.5481.78'/>
            </parameters>
            <steps>
                <step start='1675968451980' status='broken' stop='1675968452005'>
                    <name>GET /session/:sessionId/screenshot</name>
                    <title>GET /session/:sessionId/screenshot</title>
                    <attachments/>
                    <steps>
                        <step start='1675968451983' status='broken' stop='1675968452005'>
                            <name>POST /session/:sessionId/element</name>
                            <title>POST /session/:sessionId/element</title>
                            <attachments>
                                <attachment title='Request' source='004ceacf-6bba-45ee-a953-acf415b00fe8-attachment.json' type='application/json' size='123'/>
                            </attachments>
                            <steps/>
                        </step>
                    </steps>
                </step>
            </steps>
            <attachments/>
            <failure>
                <message>LinkHelplearningKnowledgeCentre is not defined</message>
                <stack-trace>ReferenceError: LinkHelplearningKnowledgeCentre is not defined
                    at HomePage.VerifyKnowledgeCentreLink (C:\Users\DELL\IIProject\pages\home.page.js:126:13)
                    at Context.&lt;anonymous> (C:\Users\DELL\IIProject\test\home.test.js:69:12)</stack-trace>
            </failure>
        </test-case>
    </test-cases>
</ns2:test-suite>