<?xml version='1.0'?>
<ns2:test-suite xmlns:ns2='urn:model.allure.qatools.yandex.ru' start='1675985267755' stop='1675985275324'>
    <name>Home page feature test</name>
    <title>Home page feature test</title>
    <test-cases>
        <test-case start='1675985267756' status='passed' stop='1675985275053'>
            <name>verify home page title</name>
            <title>verify home page title</title>
            <labels>
                <label name='language' value='javascript'/>
                <label name='framework' value='wdio'/>
                <label name='thread' value='0-0'/>
            </labels>
            <parameters>
                <parameter kind='argument' name='browser' value='chrome-110.0.5481.78'/>
            </parameters>
            <steps>
                <step start='1675985267760' status='passed' stop='1675985273975'>
                    <name>POST /session/:sessionId/url</name>
                    <title>POST /session/:sessionId/url</title>
                    <attachments>
                        <attachment title='Request' source='8cf947fe-9316-4798-8d2c-344c5887af0d-attachment.json' type='application/json' size='36'/>
                    </attachments>
                    <steps/>
                </step>
                <step start='1675985273975' status='passed' stop='1675985275009'>
                    <name>POST /session/:sessionId/window/maximize</name>
                    <title>POST /session/:sessionId/window/maximize</title>
                    <attachments>
                        <attachment title='Response' source='60b23d5c-6171-45a8-92e7-881e52fd35c1-attachment.json' type='application/json' size='58'/>
                    </attachments>
                    <steps/>
                </step>
                <step start='1675985275022' status='undefined'>
                    <name>POST /session/:sessionId/element</name>
                    <title>POST /session/:sessionId/element</title>
                    <attachments>
                        <attachment title='Request' source='a825bcc7-0338-48b2-ab0a-19ad41bf2f0c-attachment.json' type='application/json' size='60'/>
                    </attachments>
                    <steps>
                        <step start='1675985275042' status='undefined'>
                            <name>GET /session/:sessionId/title</name>
                            <title>GET /session/:sessionId/title</title>
                            <attachments/>
                            <steps/>
                        </step>
                    </steps>
                </step>
            </steps>
            <attachments/>
        </test-case>
        <test-case start='1675985275083' status='broken' stop='1675985275095'>
            <name>verify Servies header</name>
            <title>verify Servies header</title>
            <labels>
                <label name='language' value='javascript'/>
                <label name='framework' value='wdio'/>
                <label name='thread' value='0-0'/>
            </labels>
            <parameters>
                <parameter kind='argument' name='browser' value='chrome-110.0.5481.78'/>
            </parameters>
            <steps>
                <step start='1675985275088' status='broken' stop='1675985275093'>
                    <name>GET /session/:sessionId/screenshot</name>
                    <title>GET /session/:sessionId/screenshot</title>
                    <attachments/>
                    <steps/>
                </step>
            </steps>
            <attachments/>
            <failure>
                <message>headerServices is not defined</message>
                <stack-trace>ReferenceError: headerServices is not defined
                    at HomePage.verifyServiceHeaderText (C:\Users\DELL\IIProject\test\pageobjects\home.page.js:57:13)
                    at Context.&lt;anonymous> (C:\Users\DELL\IIProject\test\specs\home.test.js:22:16)</stack-trace>
            </failure>
        </test-case>
        <test-case start='1675985275119' status='broken' stop='1675985275173'>
            <name>verify click on Trading Account link and verify the new url</name>
            <title>verify click on Trading Account link and verify the new url</title>
            <labels>
                <label name='language' value='javascript'/>
                <label name='framework' value='wdio'/>
                <label name='thread' value='0-0'/>
            </labels>
            <parameters>
                <parameter kind='argument' name='browser' value='chrome-110.0.5481.78'/>
            </parameters>
            <steps>
                <step start='1675985275144' status='broken' stop='1675985275172'>
                    <name>GET /session/:sessionId/screenshot</name>
                    <title>GET /session/:sessionId/screenshot</title>
                    <attachments/>
                    <steps>
                        <step start='1675985275162' status='broken' stop='1675985275172'>
                            <name>POST /session/:sessionId/element</name>
                            <title>POST /session/:sessionId/element</title>
                            <attachments>
                                <attachment title='Request' source='9d504fe3-c763-4d46-ae99-500fca107e27-attachment.json' type='application/json' size='119'/>
                            </attachments>
                            <steps/>
                        </step>
                    </steps>
                </step>
            </steps>
            <attachments/>
            <failure>
                <message>LinkServicesTradingAccount is not defined</message>
                <stack-trace>ReferenceError: LinkServicesTradingAccount is not defined
                    at HomePage.VerifyTradingAccountLink (C:\Users\DELL\IIProject\test\pageobjects\home.page.js:70:13)
                    at Context.&lt;anonymous> (C:\Users\DELL\IIProject\test\specs\home.test.js:28:19)</stack-trace>
            </failure>
        </test-case>
        <test-case start='1675985275186' status='broken' stop='1675985275188'>
            <name>verify Pensions header</name>
            <title>verify Pensions header</title>
            <labels>
                <label name='language' value='javascript'/>
                <label name='framework' value='wdio'/>
                <label name='thread' value='0-0'/>
            </labels>
            <parameters>
                <parameter kind='argument' name='browser' value='chrome-110.0.5481.78'/>
            </parameters>
            <steps>
                <step start='1675985275187' status='broken' stop='1675985275188'>
                    <name>GET /session/:sessionId/screenshot</name>
                    <title>GET /session/:sessionId/screenshot</title>
                    <attachments/>
                    <steps/>
                </step>
            </steps>
            <attachments/>
            <failure>
                <message>headerPensions is not defined</message>
                <stack-trace>ReferenceError: headerPensions is not defined
                    at HomePage.verifyPensionsHeaderText (C:\Users\DELL\IIProject\test\pageobjects\home.page.js:84:13)
                    at Context.&lt;anonymous> (C:\Users\DELL\IIProject\test\specs\home.test.js:37:18)</stack-trace>
            </failure>
        </test-case>
        <test-case start='1675985275205' status='broken' stop='1675985275211'>
            <name>verify click on SIPP drawdown link and verify the new url</name>
            <title>verify click on SIPP drawdown link and verify the new url</title>
            <labels>
                <label name='language' value='javascript'/>
                <label name='framework' value='wdio'/>
                <label name='thread' value='0-0'/>
            </labels>
            <parameters>
                <parameter kind='argument' name='browser' value='chrome-110.0.5481.78'/>
            </parameters>
            <steps>
                <step start='1675985275206' status='broken' stop='1675985275211'>
                    <name>GET /session/:sessionId/screenshot</name>
                    <title>GET /session/:sessionId/screenshot</title>
                    <attachments/>
                    <steps>
                        <step start='1675985275207' status='broken' stop='1675985275211'>
                            <name>POST /session/:sessionId/element</name>
                            <title>POST /session/:sessionId/element</title>
                            <attachments>
                                <attachment title='Request' source='5f20aa2c-d6bf-4475-9dd0-2c6de352efee-attachment.json' type='application/json' size='119'/>
                            </attachments>
                            <steps/>
                        </step>
                    </steps>
                </step>
            </steps>
            <attachments/>
            <failure>
                <message>LinkPensionsSIPPDown is not defined</message>
                <stack-trace>ReferenceError: LinkPensionsSIPPDown is not defined
                    at HomePage.VerifySIPPdrawdownLink (C:\Users\DELL\IIProject\test\pageobjects\home.page.js:92:13)
                    at Context.&lt;anonymous> (C:\Users\DELL\IIProject\test\specs\home.test.js:43:18)</stack-trace>
            </failure>
        </test-case>
        <test-case start='1675985275225' status='passed' stop='1675985275225'>
            <name>verify click on Investments header and verify text</name>
            <title>verify click on Investments header and verify text</title>
            <labels>
                <label name='language' value='javascript'/>
                <label name='framework' value='wdio'/>
                <label name='thread' value='0-0'/>
            </labels>
            <parameters>
                <parameter kind='argument' name='browser' value='chrome-110.0.5481.78'/>
            </parameters>
            <steps/>
            <attachments/>
        </test-case>
        <test-case start='1675985275226' status='passed' stop='1675985275228'>
            <name>verify click on FTSE250 link and verify the new url</name>
            <title>verify click on FTSE250 link and verify the new url</title>
            <labels>
                <label name='language' value='javascript'/>
                <label name='framework' value='wdio'/>
                <label name='thread' value='0-0'/>
            </labels>
            <parameters>
                <parameter kind='argument' name='browser' value='chrome-110.0.5481.78'/>
            </parameters>
            <steps>
                <step start='1675985275227' status='undefined'>
                    <name>GET /session/:sessionId/url</name>
                    <title>GET /session/:sessionId/url</title>
                    <attachments/>
                    <steps/>
                </step>
            </steps>
            <attachments/>
        </test-case>
        <test-case start='1675985275233' status='passed' stop='1675985275234'>
            <name>verify click on Help &amp; learning header and verify text</name>
            <title>verify click on Help &amp; learning header and verify text</title>
            <labels>
                <label name='language' value='javascript'/>
                <label name='framework' value='wdio'/>
                <label name='thread' value='0-0'/>
            </labels>
            <parameters>
                <parameter kind='argument' name='browser' value='chrome-110.0.5481.78'/>
            </parameters>
            <steps/>
            <attachments/>
        </test-case>
        <test-case start='1675985275234' status='passed' stop='1675985275236'>
            <name>verify click on Knowledge Centre link and verify the new url</name>
            <title>verify click on Knowledge Centre link and verify the new url</title>
            <labels>
                <label name='language' value='javascript'/>
                <label name='framework' value='wdio'/>
                <label name='thread' value='0-0'/>
            </labels>
            <parameters>
                <parameter kind='argument' name='browser' value='chrome-110.0.5481.78'/>
            </parameters>
            <steps>
                <step start='1675985275235' status='passed' stop='1675985275250'>
                    <name>GET /session/:sessionId/url</name>
                    <title>GET /session/:sessionId/url</title>
                    <attachments>
                        <attachment title='Response' source='c0be08a2-ecd0-4832-8ab0-29b8eb5d23e6-attachment.json' type='application/json' size='83'/>
                    </attachments>
                    <steps/>
                </step>
                <step start='1675985275272' status='passed' stop='1675985275312'>
                    <name>POST /session/:sessionId/element/06acae75-ee7c-442c-87ec-1fabcfa3cc08/click</name>
                    <title>POST /session/:sessionId/element/06acae75-ee7c-442c-87ec-1fabcfa3cc08/click</title>
                    <attachments>
                        <attachment title='Response' source='06c81f75-cf01-4943-9e48-c8843c043991-attachment.json' type='application/json' size='73'/>
                    </attachments>
                    <steps/>
                </step>
            </steps>
            <attachments/>
        </test-case>
        <test-case start='1675985275319' status='passed' stop='1675985275323'>
            <name>verify click on News header and verify text</name>
            <title>verify click on News header and verify text</title>
            <labels>
                <label name='language' value='javascript'/>
                <label name='framework' value='wdio'/>
                <label name='thread' value='0-0'/>
            </labels>
            <parameters>
                <parameter kind='argument' name='browser' value='chrome-110.0.5481.78'/>
            </parameters>
            <steps/>
            <attachments/>
        </test-case>
    </test-cases>
</ns2:test-suite>